c:\users\wilso\onedrive\c++\games\shiftedrealm\shifted realm\shifted realm\debug\vc141.pdb
c:\users\wilso\onedrive\c++\games\shiftedrealm\shifted realm\shifted realm\debug\vc141.idb
c:\users\wilso\onedrive\c++\games\shiftedrealm\shifted realm\shifted realm\debug\warrior.obj
c:\users\wilso\onedrive\c++\games\shiftedrealm\shifted realm\shifted realm\debug\story.obj
c:\users\wilso\onedrive\c++\games\shiftedrealm\shifted realm\shifted realm\debug\rogue.obj
c:\users\wilso\onedrive\c++\games\shiftedrealm\shifted realm\shifted realm\debug\mage.obj
c:\users\wilso\onedrive\c++\games\shiftedrealm\shifted realm\shifted realm\debug\character.obj
c:\users\wilso\onedrive\c++\games\shiftedrealm\shifted realm\shifted realm\debug\shiftedrealm.obj
c:\users\wilso\onedrive\c++\games\shiftedrealm\shifted realm\debug\shifted realm.exe
c:\users\wilso\onedrive\c++\games\shiftedrealm\shifted realm\debug\shifted realm.ilk
c:\users\wilso\onedrive\c++\games\shiftedrealm\shifted realm\debug\shifted realm.pdb
c:\users\wilso\onedrive\c++\games\shiftedrealm\shifted realm\shifted realm\debug\nativecodeanalysis.read.1.tlog
c:\users\wilso\onedrive\c++\games\shiftedrealm\shifted realm\shifted realm\debug\character.nativecodeanalysis.xml
c:\users\wilso\onedrive\c++\games\shiftedrealm\shifted realm\shifted realm\debug\mage.nativecodeanalysis.xml
c:\users\wilso\onedrive\c++\games\shiftedrealm\shifted realm\shifted realm\debug\rogue.nativecodeanalysis.xml
c:\users\wilso\onedrive\c++\games\shiftedrealm\shifted realm\shifted realm\debug\shiftedrealm.nativecodeanalysis.xml
c:\users\wilso\onedrive\c++\games\shiftedrealm\shifted realm\shifted realm\debug\story.nativecodeanalysis.xml
c:\users\wilso\onedrive\c++\games\shiftedrealm\shifted realm\shifted realm\debug\vc.nativecodeanalysis.all.xml
c:\users\wilso\onedrive\c++\games\shiftedrealm\shifted realm\shifted realm\debug\warrior.nativecodeanalysis.xml
c:\users\wilso\onedrive\c++\games\shiftedrealm\shifted realm\debug\shifted realm.exe.lastcodeanalysissucceeded
c:\users\wilso\onedrive\c++\games\shiftedrealm\shifted realm\shifted realm\debug\shifted realm.tlog\cl.command.1.tlog
c:\users\wilso\onedrive\c++\games\shiftedrealm\shifted realm\shifted realm\debug\shifted realm.tlog\cl.read.1.tlog
c:\users\wilso\onedrive\c++\games\shiftedrealm\shifted realm\shifted realm\debug\shifted realm.tlog\cl.write.1.tlog
c:\users\wilso\onedrive\c++\games\shiftedrealm\shifted realm\shifted realm\debug\shifted realm.tlog\link.command.1.tlog
c:\users\wilso\onedrive\c++\games\shiftedrealm\shifted realm\shifted realm\debug\shifted realm.tlog\link.read.1.tlog
c:\users\wilso\onedrive\c++\games\shiftedrealm\shifted realm\shifted realm\debug\shifted realm.tlog\link.write.1.tlog
